CRITICAL - 2022-04-23 07:04:23 --> syntax error, unexpected 'if' (T_IF)
#0 C:\xampp\htdocs\ltdp_monitoring\system\View\View.php(213): CodeIgniter\View\View->CodeIgniter\View\{closure}()
#1 C:\xampp\htdocs\ltdp_monitoring\system\Common.php(1089): CodeIgniter\View\View->render('header', Array, true)
#2 C:\xampp\htdocs\ltdp_monitoring\app\Controllers\Home.php(9): view('header')
#3 C:\xampp\htdocs\ltdp_monitoring\system\CodeIgniter.php(832): App\Controllers\Home->index()
#4 C:\xampp\htdocs\ltdp_monitoring\system\CodeIgniter.php(419): CodeIgniter\CodeIgniter->runController(Object(App\Controllers\Home))
#5 C:\xampp\htdocs\ltdp_monitoring\system\CodeIgniter.php(326): CodeIgniter\CodeIgniter->handleRequest(NULL, Object(Config\Cache), false)
#6 C:\xampp\htdocs\ltdp_monitoring\public\index.php(37): CodeIgniter\CodeIgniter->run()
#7 {main}
CRITICAL - 2022-04-23 07:04:53 --> syntax error, unexpected 'if' (T_IF)
#0 C:\xampp\htdocs\ltdp_monitoring\system\View\View.php(213): CodeIgniter\View\View->CodeIgniter\View\{closure}()
#1 C:\xampp\htdocs\ltdp_monitoring\system\Common.php(1089): CodeIgniter\View\View->render('header', Array, true)
#2 C:\xampp\htdocs\ltdp_monitoring\app\Controllers\Home.php(9): view('header')
#3 C:\xampp\htdocs\ltdp_monitoring\system\CodeIgniter.php(832): App\Controllers\Home->index()
#4 C:\xampp\htdocs\ltdp_monitoring\system\CodeIgniter.php(419): CodeIgniter\CodeIgniter->runController(Object(App\Controllers\Home))
#5 C:\xampp\htdocs\ltdp_monitoring\system\CodeIgniter.php(326): CodeIgniter\CodeIgniter->handleRequest(NULL, Object(Config\Cache), false)
#6 C:\xampp\htdocs\ltdp_monitoring\public\index.php(37): CodeIgniter\CodeIgniter->run()
#7 {main}
CRITICAL - 2022-04-23 07:05:24 --> syntax error, unexpected 'if' (T_IF)
#0 C:\xampp\htdocs\ltdp_monitoring\system\View\View.php(213): CodeIgniter\View\View->CodeIgniter\View\{closure}()
#1 C:\xampp\htdocs\ltdp_monitoring\system\Common.php(1089): CodeIgniter\View\View->render('header', Array, true)
#2 C:\xampp\htdocs\ltdp_monitoring\app\Controllers\Home.php(9): view('header')
#3 C:\xampp\htdocs\ltdp_monitoring\system\CodeIgniter.php(832): App\Controllers\Home->index()
#4 C:\xampp\htdocs\ltdp_monitoring\system\CodeIgniter.php(419): CodeIgniter\CodeIgniter->runController(Object(App\Controllers\Home))
#5 C:\xampp\htdocs\ltdp_monitoring\system\CodeIgniter.php(326): CodeIgniter\CodeIgniter->handleRequest(NULL, Object(Config\Cache), false)
#6 C:\xampp\htdocs\ltdp_monitoring\public\index.php(37): CodeIgniter\CodeIgniter->run()
#7 {main}
CRITICAL - 2022-04-23 07:05:30 --> syntax error, unexpected '?'
#0 C:\xampp\htdocs\ltdp_monitoring\system\View\View.php(213): CodeIgniter\View\View->CodeIgniter\View\{closure}()
#1 C:\xampp\htdocs\ltdp_monitoring\system\Common.php(1089): CodeIgniter\View\View->render('header', Array, true)
#2 C:\xampp\htdocs\ltdp_monitoring\app\Controllers\Home.php(9): view('header')
#3 C:\xampp\htdocs\ltdp_monitoring\system\CodeIgniter.php(832): App\Controllers\Home->index()
#4 C:\xampp\htdocs\ltdp_monitoring\system\CodeIgniter.php(419): CodeIgniter\CodeIgniter->runController(Object(App\Controllers\Home))
#5 C:\xampp\htdocs\ltdp_monitoring\system\CodeIgniter.php(326): CodeIgniter\CodeIgniter->handleRequest(NULL, Object(Config\Cache), false)
#6 C:\xampp\htdocs\ltdp_monitoring\public\index.php(37): CodeIgniter\CodeIgniter->run()
#7 {main}
CRITICAL - 2022-04-23 08:07:46 --> syntax error, unexpected 'echo' (T_ECHO)
#0 C:\xampp\htdocs\ltdp_monitoring\system\View\View.php(213): CodeIgniter\View\View->CodeIgniter\View\{closure}()
#1 C:\xampp\htdocs\ltdp_monitoring\system\Common.php(1089): CodeIgniter\View\View->render('sidebar', Array, true)
#2 C:\xampp\htdocs\ltdp_monitoring\app\Controllers\Home.php(10): view('sidebar')
#3 C:\xampp\htdocs\ltdp_monitoring\system\CodeIgniter.php(832): App\Controllers\Home->index()
#4 C:\xampp\htdocs\ltdp_monitoring\system\CodeIgniter.php(419): CodeIgniter\CodeIgniter->runController(Object(App\Controllers\Home))
#5 C:\xampp\htdocs\ltdp_monitoring\system\CodeIgniter.php(326): CodeIgniter\CodeIgniter->handleRequest(NULL, Object(Config\Cache), false)
#6 C:\xampp\htdocs\ltdp_monitoring\public\index.php(37): CodeIgniter\CodeIgniter->run()
#7 {main}
CRITICAL - 2022-04-23 08:15:03 --> syntax error, unexpected '"collapsed"' (T_CONSTANT_ENCAPSED_STRING), expecting ';' or ','
#0 C:\xampp\htdocs\ltdp_monitoring\system\View\View.php(213): CodeIgniter\View\View->CodeIgniter\View\{closure}()
#1 C:\xampp\htdocs\ltdp_monitoring\system\Common.php(1089): CodeIgniter\View\View->render('sidebar', Array, true)
#2 C:\xampp\htdocs\ltdp_monitoring\app\Controllers\Home.php(10): view('sidebar')
#3 C:\xampp\htdocs\ltdp_monitoring\system\CodeIgniter.php(832): App\Controllers\Home->index()
#4 C:\xampp\htdocs\ltdp_monitoring\system\CodeIgniter.php(419): CodeIgniter\CodeIgniter->runController(Object(App\Controllers\Home))
#5 C:\xampp\htdocs\ltdp_monitoring\system\CodeIgniter.php(326): CodeIgniter\CodeIgniter->handleRequest(NULL, Object(Config\Cache), false)
#6 C:\xampp\htdocs\ltdp_monitoring\public\index.php(37): CodeIgniter\CodeIgniter->run()
#7 {main}
CRITICAL - 2022-04-23 08:15:15 --> syntax error, unexpected ';'
#0 C:\xampp\htdocs\ltdp_monitoring\system\View\View.php(213): CodeIgniter\View\View->CodeIgniter\View\{closure}()
#1 C:\xampp\htdocs\ltdp_monitoring\system\Common.php(1089): CodeIgniter\View\View->render('sidebar', Array, true)
#2 C:\xampp\htdocs\ltdp_monitoring\app\Controllers\Home.php(10): view('sidebar')
#3 C:\xampp\htdocs\ltdp_monitoring\system\CodeIgniter.php(832): App\Controllers\Home->index()
#4 C:\xampp\htdocs\ltdp_monitoring\system\CodeIgniter.php(419): CodeIgniter\CodeIgniter->runController(Object(App\Controllers\Home))
#5 C:\xampp\htdocs\ltdp_monitoring\system\CodeIgniter.php(326): CodeIgniter\CodeIgniter->handleRequest(NULL, Object(Config\Cache), false)
#6 C:\xampp\htdocs\ltdp_monitoring\public\index.php(37): CodeIgniter\CodeIgniter->run()
#7 {main}
CRITICAL - 2022-04-23 08:16:09 --> Undefined variable: currentPage
#0 C:\xampp\htdocs\ltdp_monitoring\app\Views\sidebar.php(7): CodeIgniter\Debug\Exceptions->errorHandler(8, 'Undefined varia...', 'C:\\xampp\\htdocs...', 7, Array)
#1 C:\xampp\htdocs\ltdp_monitoring\system\View\View.php(210): include('C:\\xampp\\htdocs...')
#2 C:\xampp\htdocs\ltdp_monitoring\system\View\View.php(213): CodeIgniter\View\View->CodeIgniter\View\{closure}()
#3 C:\xampp\htdocs\ltdp_monitoring\system\Common.php(1089): CodeIgniter\View\View->render('sidebar', Array, true)
#4 C:\xampp\htdocs\ltdp_monitoring\app\Controllers\Home.php(10): view('sidebar')
#5 C:\xampp\htdocs\ltdp_monitoring\system\CodeIgniter.php(832): App\Controllers\Home->index()
#6 C:\xampp\htdocs\ltdp_monitoring\system\CodeIgniter.php(419): CodeIgniter\CodeIgniter->runController(Object(App\Controllers\Home))
#7 C:\xampp\htdocs\ltdp_monitoring\system\CodeIgniter.php(326): CodeIgniter\CodeIgniter->handleRequest(NULL, Object(Config\Cache), false)
#8 C:\xampp\htdocs\ltdp_monitoring\public\index.php(37): CodeIgniter\CodeIgniter->run()
#9 {main}
CRITICAL - 2022-04-23 08:18:28 --> Undefined variable: currentPage
#0 C:\xampp\htdocs\ltdp_monitoring\app\Views\sidebar.php(7): CodeIgniter\Debug\Exceptions->errorHandler(8, 'Undefined varia...', 'C:\\xampp\\htdocs...', 7, Array)
#1 C:\xampp\htdocs\ltdp_monitoring\system\View\View.php(210): include('C:\\xampp\\htdocs...')
#2 C:\xampp\htdocs\ltdp_monitoring\system\View\View.php(213): CodeIgniter\View\View->CodeIgniter\View\{closure}()
#3 C:\xampp\htdocs\ltdp_monitoring\system\Common.php(1089): CodeIgniter\View\View->render('sidebar', Array, true)
#4 C:\xampp\htdocs\ltdp_monitoring\app\Controllers\Project.php(9): view('sidebar')
#5 C:\xampp\htdocs\ltdp_monitoring\system\CodeIgniter.php(832): App\Controllers\Project->index()
#6 C:\xampp\htdocs\ltdp_monitoring\system\CodeIgniter.php(419): CodeIgniter\CodeIgniter->runController(Object(App\Controllers\Project))
#7 C:\xampp\htdocs\ltdp_monitoring\system\CodeIgniter.php(326): CodeIgniter\CodeIgniter->handleRequest(NULL, Object(Config\Cache), false)
#8 C:\xampp\htdocs\ltdp_monitoring\public\index.php(37): CodeIgniter\CodeIgniter->run()
#9 {main}
CRITICAL - 2022-04-23 08:18:50 --> Undefined variable: currentPage
#0 C:\xampp\htdocs\ltdp_monitoring\app\Views\sidebar.php(7): CodeIgniter\Debug\Exceptions->errorHandler(8, 'Undefined varia...', 'C:\\xampp\\htdocs...', 7, Array)
#1 C:\xampp\htdocs\ltdp_monitoring\system\View\View.php(210): include('C:\\xampp\\htdocs...')
#2 C:\xampp\htdocs\ltdp_monitoring\system\View\View.php(213): CodeIgniter\View\View->CodeIgniter\View\{closure}()
#3 C:\xampp\htdocs\ltdp_monitoring\system\Common.php(1089): CodeIgniter\View\View->render('sidebar', Array, true)
#4 C:\xampp\htdocs\ltdp_monitoring\app\Controllers\Project.php(9): view('sidebar')
#5 C:\xampp\htdocs\ltdp_monitoring\system\CodeIgniter.php(832): App\Controllers\Project->index()
#6 C:\xampp\htdocs\ltdp_monitoring\system\CodeIgniter.php(419): CodeIgniter\CodeIgniter->runController(Object(App\Controllers\Project))
#7 C:\xampp\htdocs\ltdp_monitoring\system\CodeIgniter.php(326): CodeIgniter\CodeIgniter->handleRequest(NULL, Object(Config\Cache), false)
#8 C:\xampp\htdocs\ltdp_monitoring\public\index.php(37): CodeIgniter\CodeIgniter->run()
#9 {main}
