CRITICAL - 2022-05-05 07:44:11 --> syntax error, unexpected '{'
#0 C:\xampp\htdocs\ltdp_monitoring\system\View\View.php(213): CodeIgniter\View\View->CodeIgniter\View\{closure}()
#1 C:\xampp\htdocs\ltdp_monitoring\system\Common.php(1089): CodeIgniter\View\View->render('detail', Array, true)
#2 C:\xampp\htdocs\ltdp_monitoring\app\Controllers\Update.php(41): view('detail')
#3 C:\xampp\htdocs\ltdp_monitoring\system\CodeIgniter.php(832): App\Controllers\Update->detail('1')
#4 C:\xampp\htdocs\ltdp_monitoring\system\CodeIgniter.php(419): CodeIgniter\CodeIgniter->runController(Object(App\Controllers\Update))
#5 C:\xampp\htdocs\ltdp_monitoring\system\CodeIgniter.php(326): CodeIgniter\CodeIgniter->handleRequest(NULL, Object(Config\Cache), false)
#6 C:\xampp\htdocs\ltdp_monitoring\public\index.php(37): CodeIgniter\CodeIgniter->run()
#7 {main}
CRITICAL - 2022-05-05 08:32:30 --> Allowed fields must be specified for model: App\Models\Monthly_activity_model
#0 C:\xampp\htdocs\ltdp_monitoring\system\BaseModel.php(1138): CodeIgniter\Database\Exceptions\DataException::forInvalidAllowedFields('App\\Models\\Mont...')
#1 C:\xampp\htdocs\ltdp_monitoring\system\BaseModel.php(841): CodeIgniter\BaseModel->doProtectFields(Array)
#2 C:\xampp\htdocs\ltdp_monitoring\system\Model.php(651): CodeIgniter\BaseModel->update(NULL, Array)
#3 C:\xampp\htdocs\ltdp_monitoring\app\Controllers\Update.php(52): CodeIgniter\Model->update(NULL, Array)
#4 C:\xampp\htdocs\ltdp_monitoring\system\CodeIgniter.php(832): App\Controllers\Update->updateDetail()
#5 C:\xampp\htdocs\ltdp_monitoring\system\CodeIgniter.php(419): CodeIgniter\CodeIgniter->runController(Object(App\Controllers\Update))
#6 C:\xampp\htdocs\ltdp_monitoring\system\CodeIgniter.php(326): CodeIgniter\CodeIgniter->handleRequest(NULL, Object(Config\Cache), false)
#7 C:\xampp\htdocs\ltdp_monitoring\public\index.php(37): CodeIgniter\CodeIgniter->run()
#8 {main}
CRITICAL - 2022-05-05 08:32:41 --> Allowed fields must be specified for model: App\Models\Monthly_activity_model
#0 C:\xampp\htdocs\ltdp_monitoring\system\BaseModel.php(1138): CodeIgniter\Database\Exceptions\DataException::forInvalidAllowedFields('App\\Models\\Mont...')
#1 C:\xampp\htdocs\ltdp_monitoring\system\BaseModel.php(841): CodeIgniter\BaseModel->doProtectFields(Array)
#2 C:\xampp\htdocs\ltdp_monitoring\system\Model.php(651): CodeIgniter\BaseModel->update(NULL, Array)
#3 C:\xampp\htdocs\ltdp_monitoring\app\Controllers\Update.php(52): CodeIgniter\Model->update(NULL, Array)
#4 C:\xampp\htdocs\ltdp_monitoring\system\CodeIgniter.php(832): App\Controllers\Update->updateDetail()
#5 C:\xampp\htdocs\ltdp_monitoring\system\CodeIgniter.php(419): CodeIgniter\CodeIgniter->runController(Object(App\Controllers\Update))
#6 C:\xampp\htdocs\ltdp_monitoring\system\CodeIgniter.php(326): CodeIgniter\CodeIgniter->handleRequest(NULL, Object(Config\Cache), false)
#7 C:\xampp\htdocs\ltdp_monitoring\public\index.php(37): CodeIgniter\CodeIgniter->run()
#8 {main}
CRITICAL - 2022-05-05 08:33:30 --> Allowed fields must be specified for model: App\Models\Monthly_activity_model
#0 C:\xampp\htdocs\ltdp_monitoring\system\BaseModel.php(1138): CodeIgniter\Database\Exceptions\DataException::forInvalidAllowedFields('App\\Models\\Mont...')
#1 C:\xampp\htdocs\ltdp_monitoring\system\BaseModel.php(841): CodeIgniter\BaseModel->doProtectFields(Array)
#2 C:\xampp\htdocs\ltdp_monitoring\system\Model.php(651): CodeIgniter\BaseModel->update(NULL, Array)
#3 C:\xampp\htdocs\ltdp_monitoring\app\Controllers\Update.php(52): CodeIgniter\Model->update(NULL, Array)
#4 C:\xampp\htdocs\ltdp_monitoring\system\CodeIgniter.php(832): App\Controllers\Update->updateDetail()
#5 C:\xampp\htdocs\ltdp_monitoring\system\CodeIgniter.php(419): CodeIgniter\CodeIgniter->runController(Object(App\Controllers\Update))
#6 C:\xampp\htdocs\ltdp_monitoring\system\CodeIgniter.php(326): CodeIgniter\CodeIgniter->handleRequest(NULL, Object(Config\Cache), false)
#7 C:\xampp\htdocs\ltdp_monitoring\public\index.php(37): CodeIgniter\CodeIgniter->run()
#8 {main}
CRITICAL - 2022-05-05 08:37:40 --> Allowed fields must be specified for model: App\Models\Monthly_activity_model
#0 C:\xampp\htdocs\ltdp_monitoring\system\BaseModel.php(1138): CodeIgniter\Database\Exceptions\DataException::forInvalidAllowedFields('App\\Models\\Mont...')
#1 C:\xampp\htdocs\ltdp_monitoring\system\BaseModel.php(841): CodeIgniter\BaseModel->doProtectFields(Array)
#2 C:\xampp\htdocs\ltdp_monitoring\system\Model.php(651): CodeIgniter\BaseModel->update(NULL, Array)
#3 C:\xampp\htdocs\ltdp_monitoring\app\Controllers\Update.php(52): CodeIgniter\Model->update(NULL, Array)
#4 C:\xampp\htdocs\ltdp_monitoring\system\CodeIgniter.php(832): App\Controllers\Update->updateDetail()
#5 C:\xampp\htdocs\ltdp_monitoring\system\CodeIgniter.php(419): CodeIgniter\CodeIgniter->runController(Object(App\Controllers\Update))
#6 C:\xampp\htdocs\ltdp_monitoring\system\CodeIgniter.php(326): CodeIgniter\CodeIgniter->handleRequest(NULL, Object(Config\Cache), false)
#7 C:\xampp\htdocs\ltdp_monitoring\public\index.php(37): CodeIgniter\CodeIgniter->run()
#8 {main}
CRITICAL - 2022-05-05 08:41:16 --> syntax error, unexpected '}'
#0 C:\xampp\htdocs\ltdp_monitoring\system\Router\Router.php(175): CodeIgniter\Router\Router->autoRoute('update/detail/1')
#1 C:\xampp\htdocs\ltdp_monitoring\system\CodeIgniter.php(726): CodeIgniter\Router\Router->handle('update/detail/1')
#2 C:\xampp\htdocs\ltdp_monitoring\system\CodeIgniter.php(368): CodeIgniter\CodeIgniter->tryToRouteIt(Object(CodeIgniter\Router\RouteCollection))
#3 C:\xampp\htdocs\ltdp_monitoring\system\CodeIgniter.php(326): CodeIgniter\CodeIgniter->handleRequest(NULL, Object(Config\Cache), false)
#4 C:\xampp\htdocs\ltdp_monitoring\public\index.php(37): CodeIgniter\CodeIgniter->run()
#5 {main}
CRITICAL - 2022-05-05 08:41:20 --> syntax error, unexpected '}'
#0 C:\xampp\htdocs\ltdp_monitoring\system\Router\Router.php(175): CodeIgniter\Router\Router->autoRoute('update/detail/1')
#1 C:\xampp\htdocs\ltdp_monitoring\system\CodeIgniter.php(726): CodeIgniter\Router\Router->handle('update/detail/1')
#2 C:\xampp\htdocs\ltdp_monitoring\system\CodeIgniter.php(368): CodeIgniter\CodeIgniter->tryToRouteIt(Object(CodeIgniter\Router\RouteCollection))
#3 C:\xampp\htdocs\ltdp_monitoring\system\CodeIgniter.php(326): CodeIgniter\CodeIgniter->handleRequest(NULL, Object(Config\Cache), false)
#4 C:\xampp\htdocs\ltdp_monitoring\public\index.php(37): CodeIgniter\CodeIgniter->run()
#5 {main}
