CRITICAL - 2022-04-29 01:59:19 --> syntax error, unexpected ''logout/*'' (T_CONSTANT_ENCAPSED_STRING), expecting ']'
#0 C:\xampp\htdocs\ltdp_monitoring\system\Autoloader\Autoloader.php(241): CodeIgniter\Autoloader\Autoloader->includeFile('C:\\xampp\\htdocs...')
#1 C:\xampp\htdocs\ltdp_monitoring\system\Autoloader\Autoloader.php(219): CodeIgniter\Autoloader\Autoloader->loadInNamespace('Config\\Filters')
#2 [internal function]: CodeIgniter\Autoloader\Autoloader->loadClass('Config\\Filters')
#3 [internal function]: spl_autoload_call('Config\\Filters')
#4 C:\xampp\htdocs\ltdp_monitoring\system\Config\Factories.php(136): class_exists('Config\\Filters')
#5 C:\xampp\htdocs\ltdp_monitoring\system\Config\Factories.php(106): CodeIgniter\Config\Factories::locateClass(Array, 'Filters')
#6 C:\xampp\htdocs\ltdp_monitoring\system\Common.php(198): CodeIgniter\Config\Factories::__callStatic('config', Array)
#7 C:\xampp\htdocs\ltdp_monitoring\system\Config\Services.php(258): config('Filters')
#8 C:\xampp\htdocs\ltdp_monitoring\system\Config\BaseService.php(248): CodeIgniter\Config\Services::filters(NULL, false)
#9 C:\xampp\htdocs\ltdp_monitoring\system\Config\BaseService.php(189): CodeIgniter\Config\BaseService::__callStatic('filters', Array)
#10 C:\xampp\htdocs\ltdp_monitoring\system\Config\Services.php(255): CodeIgniter\Config\BaseService::getSharedInstance('filters', NULL)
#11 C:\xampp\htdocs\ltdp_monitoring\system\Config\BaseService.php(248): CodeIgniter\Config\Services::filters()
#12 C:\xampp\htdocs\ltdp_monitoring\system\CodeIgniter.php(373): CodeIgniter\Config\BaseService::__callStatic('filters', Array)
#13 C:\xampp\htdocs\ltdp_monitoring\system\CodeIgniter.php(326): CodeIgniter\CodeIgniter->handleRequest(NULL, Object(Config\Cache), false)
#14 C:\xampp\htdocs\ltdp_monitoring\public\index.php(37): CodeIgniter\CodeIgniter->run()
#15 {main}
CRITICAL - 2022-04-29 02:25:40 --> syntax error, unexpected 'return' (T_RETURN)
#0 C:\xampp\htdocs\ltdp_monitoring\system\Autoloader\Autoloader.php(241): CodeIgniter\Autoloader\Autoloader->includeFile('C:\\xampp\\htdocs...')
#1 C:\xampp\htdocs\ltdp_monitoring\system\Autoloader\Autoloader.php(219): CodeIgniter\Autoloader\Autoloader->loadInNamespace('App\\Models\\Depa...')
#2 [internal function]: CodeIgniter\Autoloader\Autoloader->loadClass('App\\Models\\Depa...')
#3 C:\xampp\htdocs\ltdp_monitoring\app\Controllers\Department.php(10): spl_autoload_call('App\\Models\\Depa...')
#4 C:\xampp\htdocs\ltdp_monitoring\system\CodeIgniter.php(832): App\Controllers\Department->index()
#5 C:\xampp\htdocs\ltdp_monitoring\system\CodeIgniter.php(419): CodeIgniter\CodeIgniter->runController(Object(App\Controllers\Department))
#6 C:\xampp\htdocs\ltdp_monitoring\system\CodeIgniter.php(326): CodeIgniter\CodeIgniter->handleRequest(NULL, Object(Config\Cache), false)
#7 C:\xampp\htdocs\ltdp_monitoring\public\index.php(37): CodeIgniter\CodeIgniter->run()
#8 {main}
CRITICAL - 2022-04-29 02:25:45 --> syntax error, unexpected 'return' (T_RETURN)
#0 C:\xampp\htdocs\ltdp_monitoring\system\Autoloader\Autoloader.php(241): CodeIgniter\Autoloader\Autoloader->includeFile('C:\\xampp\\htdocs...')
#1 C:\xampp\htdocs\ltdp_monitoring\system\Autoloader\Autoloader.php(219): CodeIgniter\Autoloader\Autoloader->loadInNamespace('App\\Models\\Depa...')
#2 [internal function]: CodeIgniter\Autoloader\Autoloader->loadClass('App\\Models\\Depa...')
#3 C:\xampp\htdocs\ltdp_monitoring\app\Controllers\Department.php(10): spl_autoload_call('App\\Models\\Depa...')
#4 C:\xampp\htdocs\ltdp_monitoring\system\CodeIgniter.php(832): App\Controllers\Department->index()
#5 C:\xampp\htdocs\ltdp_monitoring\system\CodeIgniter.php(419): CodeIgniter\CodeIgniter->runController(Object(App\Controllers\Department))
#6 C:\xampp\htdocs\ltdp_monitoring\system\CodeIgniter.php(326): CodeIgniter\CodeIgniter->handleRequest(NULL, Object(Config\Cache), false)
#7 C:\xampp\htdocs\ltdp_monitoring\public\index.php(37): CodeIgniter\CodeIgniter->run()
#8 {main}
ERROR - 2022-04-29 02:26:03 --> Unknown column 'tb_department.id_category' in 'group statement'
CRITICAL - 2022-04-29 02:26:03 --> Unknown column 'tb_department.id_category' in 'group statement'
#0 C:\xampp\htdocs\ltdp_monitoring\system\Database\MySQLi\Connection.php(292): mysqli->query('SELECT `tb_depa...', 0)
#1 C:\xampp\htdocs\ltdp_monitoring\system\Database\BaseConnection.php(670): CodeIgniter\Database\MySQLi\Connection->execute('SELECT `tb_depa...')
#2 C:\xampp\htdocs\ltdp_monitoring\system\Database\BaseConnection.php(598): CodeIgniter\Database\BaseConnection->simpleQuery('SELECT `tb_depa...')
#3 C:\xampp\htdocs\ltdp_monitoring\system\Database\BaseBuilder.php(1455): CodeIgniter\Database\BaseConnection->query('SELECT `tb_depa...', Array, false)
#4 C:\xampp\htdocs\ltdp_monitoring\app\Models\Department_model.php(39): CodeIgniter\Database\BaseBuilder->get()
#5 C:\xampp\htdocs\ltdp_monitoring\app\Controllers\Department.php(13): App\Models\Department_model->getSummaryByMonth('1')
#6 C:\xampp\htdocs\ltdp_monitoring\system\CodeIgniter.php(832): App\Controllers\Department->index()
#7 C:\xampp\htdocs\ltdp_monitoring\system\CodeIgniter.php(419): CodeIgniter\CodeIgniter->runController(Object(App\Controllers\Department))
#8 C:\xampp\htdocs\ltdp_monitoring\system\CodeIgniter.php(326): CodeIgniter\CodeIgniter->handleRequest(NULL, Object(Config\Cache), false)
#9 C:\xampp\htdocs\ltdp_monitoring\public\index.php(37): CodeIgniter\CodeIgniter->run()
#10 {main}
CRITICAL - 2022-04-29 02:26:30 --> Undefined variable: dataCategories
#0 C:\xampp\htdocs\ltdp_monitoring\app\Views\dashboard.php(146): CodeIgniter\Debug\Exceptions->errorHandler(8, 'Undefined varia...', 'C:\\xampp\\htdocs...', 146, Array)
#1 C:\xampp\htdocs\ltdp_monitoring\system\View\View.php(210): include('C:\\xampp\\htdocs...')
#2 C:\xampp\htdocs\ltdp_monitoring\system\View\View.php(213): CodeIgniter\View\View->CodeIgniter\View\{closure}()
#3 C:\xampp\htdocs\ltdp_monitoring\system\Common.php(1089): CodeIgniter\View\View->render('dashboard', Array, true)
#4 C:\xampp\htdocs\ltdp_monitoring\app\Controllers\Department.php(34): view('dashboard')
#5 C:\xampp\htdocs\ltdp_monitoring\system\CodeIgniter.php(832): App\Controllers\Department->index()
#6 C:\xampp\htdocs\ltdp_monitoring\system\CodeIgniter.php(419): CodeIgniter\CodeIgniter->runController(Object(App\Controllers\Department))
#7 C:\xampp\htdocs\ltdp_monitoring\system\CodeIgniter.php(326): CodeIgniter\CodeIgniter->handleRequest(NULL, Object(Config\Cache), false)
#8 C:\xampp\htdocs\ltdp_monitoring\public\index.php(37): CodeIgniter\CodeIgniter->run()
#9 {main}
CRITICAL - 2022-04-29 02:27:41 --> Undefined index: id_category
#0 C:\xampp\htdocs\ltdp_monitoring\app\Views\department.php(149): CodeIgniter\Debug\Exceptions->errorHandler(8, 'Undefined index...', 'C:\\xampp\\htdocs...', 149, Array)
#1 C:\xampp\htdocs\ltdp_monitoring\system\View\View.php(210): include('C:\\xampp\\htdocs...')
#2 C:\xampp\htdocs\ltdp_monitoring\system\View\View.php(213): CodeIgniter\View\View->CodeIgniter\View\{closure}()
#3 C:\xampp\htdocs\ltdp_monitoring\system\Common.php(1089): CodeIgniter\View\View->render('department', Array, true)
#4 C:\xampp\htdocs\ltdp_monitoring\app\Controllers\Department.php(34): view('department')
#5 C:\xampp\htdocs\ltdp_monitoring\system\CodeIgniter.php(832): App\Controllers\Department->index()
#6 C:\xampp\htdocs\ltdp_monitoring\system\CodeIgniter.php(419): CodeIgniter\CodeIgniter->runController(Object(App\Controllers\Department))
#7 C:\xampp\htdocs\ltdp_monitoring\system\CodeIgniter.php(326): CodeIgniter\CodeIgniter->handleRequest(NULL, Object(Config\Cache), false)
#8 C:\xampp\htdocs\ltdp_monitoring\public\index.php(37): CodeIgniter\CodeIgniter->run()
#9 {main}
CRITICAL - 2022-04-29 02:40:31 --> Invalid file: project.php
#0 C:\xampp\htdocs\ltdp_monitoring\system\View\View.php(198): CodeIgniter\Exceptions\FrameworkException::forInvalidFile('project.php')
#1 C:\xampp\htdocs\ltdp_monitoring\system\Common.php(1089): CodeIgniter\View\View->render('project', Array, true)
#2 C:\xampp\htdocs\ltdp_monitoring\app\Controllers\Update.php(26): view('project')
#3 C:\xampp\htdocs\ltdp_monitoring\system\CodeIgniter.php(832): App\Controllers\Update->index()
#4 C:\xampp\htdocs\ltdp_monitoring\system\CodeIgniter.php(419): CodeIgniter\CodeIgniter->runController(Object(App\Controllers\Update))
#5 C:\xampp\htdocs\ltdp_monitoring\system\CodeIgniter.php(326): CodeIgniter\CodeIgniter->handleRequest(NULL, Object(Config\Cache), false)
#6 C:\xampp\htdocs\ltdp_monitoring\public\index.php(37): CodeIgniter\CodeIgniter->run()
#7 {main}
CRITICAL - 2022-04-29 02:40:36 --> Invalid file: project.php
#0 C:\xampp\htdocs\ltdp_monitoring\system\View\View.php(198): CodeIgniter\Exceptions\FrameworkException::forInvalidFile('project.php')
#1 C:\xampp\htdocs\ltdp_monitoring\system\Common.php(1089): CodeIgniter\View\View->render('project', Array, true)
#2 C:\xampp\htdocs\ltdp_monitoring\app\Controllers\Update.php(26): view('project')
#3 C:\xampp\htdocs\ltdp_monitoring\system\CodeIgniter.php(832): App\Controllers\Update->index()
#4 C:\xampp\htdocs\ltdp_monitoring\system\CodeIgniter.php(419): CodeIgniter\CodeIgniter->runController(Object(App\Controllers\Update))
#5 C:\xampp\htdocs\ltdp_monitoring\system\CodeIgniter.php(326): CodeIgniter\CodeIgniter->handleRequest(NULL, Object(Config\Cache), false)
#6 C:\xampp\htdocs\ltdp_monitoring\public\index.php(37): CodeIgniter\CodeIgniter->run()
#7 {main}
CRITICAL - 2022-04-29 02:40:38 --> Invalid file: project.php
#0 C:\xampp\htdocs\ltdp_monitoring\system\View\View.php(198): CodeIgniter\Exceptions\FrameworkException::forInvalidFile('project.php')
#1 C:\xampp\htdocs\ltdp_monitoring\system\Common.php(1089): CodeIgniter\View\View->render('project', Array, true)
#2 C:\xampp\htdocs\ltdp_monitoring\app\Controllers\Update.php(26): view('project')
#3 C:\xampp\htdocs\ltdp_monitoring\system\CodeIgniter.php(832): App\Controllers\Update->index()
#4 C:\xampp\htdocs\ltdp_monitoring\system\CodeIgniter.php(419): CodeIgniter\CodeIgniter->runController(Object(App\Controllers\Update))
#5 C:\xampp\htdocs\ltdp_monitoring\system\CodeIgniter.php(326): CodeIgniter\CodeIgniter->handleRequest(NULL, Object(Config\Cache), false)
#6 C:\xampp\htdocs\ltdp_monitoring\public\index.php(37): CodeIgniter\CodeIgniter->run()
#7 {main}
