CRITICAL - 2022-04-28 03:44:42 --> syntax error, unexpected '?>'
#0 C:\xampp\htdocs\ltdp_monitoring\system\View\View.php(213): CodeIgniter\View\View->CodeIgniter\View\{closure}()
#1 C:\xampp\htdocs\ltdp_monitoring\system\Common.php(1089): CodeIgniter\View\View->render('login', Array, true)
#2 C:\xampp\htdocs\ltdp_monitoring\app\Controllers\Login.php(10): view('login')
#3 C:\xampp\htdocs\ltdp_monitoring\system\CodeIgniter.php(832): App\Controllers\Login->index()
#4 C:\xampp\htdocs\ltdp_monitoring\system\CodeIgniter.php(419): CodeIgniter\CodeIgniter->runController(Object(App\Controllers\Login))
#5 C:\xampp\htdocs\ltdp_monitoring\system\CodeIgniter.php(326): CodeIgniter\CodeIgniter->handleRequest(NULL, Object(Config\Cache), false)
#6 C:\xampp\htdocs\ltdp_monitoring\public\index.php(37): CodeIgniter\CodeIgniter->run()
#7 {main}
CRITICAL - 2022-04-28 04:13:20 --> syntax error, unexpected '->' (T_OBJECT_OPERATOR), expecting identifier (T_STRING) or variable (T_VARIABLE) or '{' or '$'
#0 C:\xampp\htdocs\ltdp_monitoring\system\Router\Router.php(175): CodeIgniter\Router\Router->autoRoute('login/check')
#1 C:\xampp\htdocs\ltdp_monitoring\system\CodeIgniter.php(726): CodeIgniter\Router\Router->handle('login/check')
#2 C:\xampp\htdocs\ltdp_monitoring\system\CodeIgniter.php(368): CodeIgniter\CodeIgniter->tryToRouteIt(Object(CodeIgniter\Router\RouteCollection))
#3 C:\xampp\htdocs\ltdp_monitoring\system\CodeIgniter.php(326): CodeIgniter\CodeIgniter->handleRequest(NULL, Object(Config\Cache), false)
#4 C:\xampp\htdocs\ltdp_monitoring\public\index.php(37): CodeIgniter\CodeIgniter->run()
#5 {main}
CRITICAL - 2022-04-28 04:16:07 --> Undefined variable: request
#0 C:\xampp\htdocs\ltdp_monitoring\app\Controllers\Login.php(18): CodeIgniter\Debug\Exceptions->errorHandler(8, 'Undefined varia...', 'C:\\xampp\\htdocs...', 18, Array)
#1 C:\xampp\htdocs\ltdp_monitoring\system\CodeIgniter.php(832): App\Controllers\Login->check()
#2 C:\xampp\htdocs\ltdp_monitoring\system\CodeIgniter.php(419): CodeIgniter\CodeIgniter->runController(Object(App\Controllers\Login))
#3 C:\xampp\htdocs\ltdp_monitoring\system\CodeIgniter.php(326): CodeIgniter\CodeIgniter->handleRequest(NULL, Object(Config\Cache), false)
#4 C:\xampp\htdocs\ltdp_monitoring\public\index.php(37): CodeIgniter\CodeIgniter->run()
#5 {main}
CRITICAL - 2022-04-28 04:26:14 --> userAuth filter must have a matching alias defined.
#0 C:\xampp\htdocs\ltdp_monitoring\system\Filters\Filters.php(493): CodeIgniter\Filters\Exceptions\FilterException::forNoAlias('userAuth')
#1 C:\xampp\htdocs\ltdp_monitoring\system\Filters\Filters.php(243): CodeIgniter\Filters\Filters->processAliasesToClass('before')
#2 C:\xampp\htdocs\ltdp_monitoring\system\Filters\Filters.php(163): CodeIgniter\Filters\Filters->initialize('/')
#3 C:\xampp\htdocs\ltdp_monitoring\system\CodeIgniter.php(393): CodeIgniter\Filters\Filters->run('/', 'before')
#4 C:\xampp\htdocs\ltdp_monitoring\system\CodeIgniter.php(326): CodeIgniter\CodeIgniter->handleRequest(NULL, Object(Config\Cache), false)
#5 C:\xampp\htdocs\ltdp_monitoring\public\index.php(37): CodeIgniter\CodeIgniter->run()
#6 {main}
CRITICAL - 2022-04-28 04:42:28 --> Undefined variable: model
#0 C:\xampp\htdocs\ltdp_monitoring\app\Controllers\Login.php(21): CodeIgniter\Debug\Exceptions->errorHandler(8, 'Undefined varia...', 'C:\\xampp\\htdocs...', 21, Array)
#1 C:\xampp\htdocs\ltdp_monitoring\system\CodeIgniter.php(832): App\Controllers\Login->check()
#2 C:\xampp\htdocs\ltdp_monitoring\system\CodeIgniter.php(419): CodeIgniter\CodeIgniter->runController(Object(App\Controllers\Login))
#3 C:\xampp\htdocs\ltdp_monitoring\system\CodeIgniter.php(326): CodeIgniter\CodeIgniter->handleRequest(NULL, Object(Config\Cache), false)
#4 C:\xampp\htdocs\ltdp_monitoring\public\index.php(37): CodeIgniter\CodeIgniter->run()
#5 {main}
CRITICAL - 2022-04-28 04:42:41 --> Undefined variable: model
#0 C:\xampp\htdocs\ltdp_monitoring\app\Controllers\Login.php(21): CodeIgniter\Debug\Exceptions->errorHandler(8, 'Undefined varia...', 'C:\\xampp\\htdocs...', 21, Array)
#1 C:\xampp\htdocs\ltdp_monitoring\system\CodeIgniter.php(832): App\Controllers\Login->check()
#2 C:\xampp\htdocs\ltdp_monitoring\system\CodeIgniter.php(419): CodeIgniter\CodeIgniter->runController(Object(App\Controllers\Login))
#3 C:\xampp\htdocs\ltdp_monitoring\system\CodeIgniter.php(326): CodeIgniter\CodeIgniter->handleRequest(NULL, Object(Config\Cache), false)
#4 C:\xampp\htdocs\ltdp_monitoring\public\index.php(37): CodeIgniter\CodeIgniter->run()
#5 {main}
CRITICAL - 2022-04-28 04:42:51 --> Undefined variable: username
#0 C:\xampp\htdocs\ltdp_monitoring\app\Controllers\Login.php(22): CodeIgniter\Debug\Exceptions->errorHandler(8, 'Undefined varia...', 'C:\\xampp\\htdocs...', 22, Array)
#1 C:\xampp\htdocs\ltdp_monitoring\system\CodeIgniter.php(832): App\Controllers\Login->check()
#2 C:\xampp\htdocs\ltdp_monitoring\system\CodeIgniter.php(419): CodeIgniter\CodeIgniter->runController(Object(App\Controllers\Login))
#3 C:\xampp\htdocs\ltdp_monitoring\system\CodeIgniter.php(326): CodeIgniter\CodeIgniter->handleRequest(NULL, Object(Config\Cache), false)
#4 C:\xampp\htdocs\ltdp_monitoring\public\index.php(37): CodeIgniter\CodeIgniter->run()
#5 {main}
CRITICAL - 2022-04-28 04:46:52 --> Undefined variable: username
#0 C:\xampp\htdocs\ltdp_monitoring\app\Controllers\Login.php(21): CodeIgniter\Debug\Exceptions->errorHandler(8, 'Undefined varia...', 'C:\\xampp\\htdocs...', 21, Array)
#1 C:\xampp\htdocs\ltdp_monitoring\system\CodeIgniter.php(832): App\Controllers\Login->check()
#2 C:\xampp\htdocs\ltdp_monitoring\system\CodeIgniter.php(419): CodeIgniter\CodeIgniter->runController(Object(App\Controllers\Login))
#3 C:\xampp\htdocs\ltdp_monitoring\system\CodeIgniter.php(326): CodeIgniter\CodeIgniter->handleRequest(NULL, Object(Config\Cache), false)
#4 C:\xampp\htdocs\ltdp_monitoring\public\index.php(37): CodeIgniter\CodeIgniter->run()
#5 {main}
